[2022-11-09 18:38:43Z INFO HostContext] No proxy settings were found based on environmental variables (http_proxy/https_proxy/HTTP_PROXY/HTTPS_PROXY)
[2022-11-09 18:38:43Z INFO HostContext] Well known directory 'Bin': '/Users/songhachheo/Developer/actions-runner/bin'
[2022-11-09 18:38:43Z INFO HostContext] Well known directory 'Root': '/Users/songhachheo/Developer/actions-runner'
[2022-11-09 18:38:43Z INFO HostContext] Well known config file 'Credentials': '/Users/songhachheo/Developer/actions-runner/.credentials'
[2022-11-09 18:38:43Z INFO HostContext] Well known directory 'Bin': '/Users/songhachheo/Developer/actions-runner/bin'
[2022-11-09 18:38:43Z INFO HostContext] Well known directory 'Root': '/Users/songhachheo/Developer/actions-runner'
[2022-11-09 18:38:43Z INFO HostContext] Well known config file 'Runner': '/Users/songhachheo/Developer/actions-runner/.runner'
[2022-11-09 18:38:43Z INFO Listener] Runner is built for OSX (Arm64) - osx-arm64.
[2022-11-09 18:38:43Z INFO Listener] RuntimeInformation: Darwin 22.1.0 Darwin Kernel Version 22.1.0: Sun Oct  9 20:15:09 PDT 2022; root:xnu-8792.41.9~2/RELEASE_ARM64_T6000.
[2022-11-09 18:38:43Z INFO Listener] Version: 2.298.2
[2022-11-09 18:38:43Z INFO Listener] Commit: f49f0247c8f15ef51086a7c2405333cb91c6f3cd
[2022-11-09 18:38:43Z INFO Listener] Culture: en-US
[2022-11-09 18:38:43Z INFO Listener] UI Culture: en-US
[2022-11-09 18:38:43Z INFO HostContext] Well known directory 'Bin': '/Users/songhachheo/Developer/actions-runner/bin'
[2022-11-09 18:38:43Z INFO HostContext] Well known directory 'Root': '/Users/songhachheo/Developer/actions-runner'
[2022-11-09 18:38:43Z INFO Listener] Validating directory permissions for: '/Users/songhachheo/Developer/actions-runner'
[2022-11-09 18:38:43Z INFO CommandLineParser] Parse
[2022-11-09 18:38:43Z INFO CommandLineParser] Parsing 1 args
[2022-11-09 18:38:43Z INFO CommandLineParser] parsing argument
[2022-11-09 18:38:43Z INFO CommandLineParser] HasArgs: False
[2022-11-09 18:38:43Z INFO CommandLineParser] Adding Command: run
[2022-11-09 18:38:43Z INFO Listener] Arguments parsed
[2022-11-09 18:38:43Z INFO Runner] ExecuteCommand
[2022-11-09 18:38:43Z INFO ConfigurationStore] currentAssemblyLocation: /Users/songhachheo/Developer/actions-runner/bin/Runner.Listener.dll
[2022-11-09 18:38:43Z INFO HostContext] Well known directory 'Bin': '/Users/songhachheo/Developer/actions-runner/bin'
[2022-11-09 18:38:43Z INFO ConfigurationStore] binPath: /Users/songhachheo/Developer/actions-runner/bin
[2022-11-09 18:38:43Z INFO HostContext] Well known directory 'Bin': '/Users/songhachheo/Developer/actions-runner/bin'
[2022-11-09 18:38:43Z INFO HostContext] Well known directory 'Root': '/Users/songhachheo/Developer/actions-runner'
[2022-11-09 18:38:43Z INFO ConfigurationStore] RootFolder: /Users/songhachheo/Developer/actions-runner
[2022-11-09 18:38:43Z INFO HostContext] Well known directory 'Bin': '/Users/songhachheo/Developer/actions-runner/bin'
[2022-11-09 18:38:43Z INFO HostContext] Well known directory 'Root': '/Users/songhachheo/Developer/actions-runner'
[2022-11-09 18:38:43Z INFO HostContext] Well known config file 'Runner': '/Users/songhachheo/Developer/actions-runner/.runner'
[2022-11-09 18:38:43Z INFO ConfigurationStore] ConfigFilePath: /Users/songhachheo/Developer/actions-runner/.runner
[2022-11-09 18:38:43Z INFO HostContext] Well known directory 'Bin': '/Users/songhachheo/Developer/actions-runner/bin'
[2022-11-09 18:38:43Z INFO HostContext] Well known directory 'Root': '/Users/songhachheo/Developer/actions-runner'
[2022-11-09 18:38:43Z INFO HostContext] Well known config file 'Credentials': '/Users/songhachheo/Developer/actions-runner/.credentials'
[2022-11-09 18:38:43Z INFO ConfigurationStore] CredFilePath: /Users/songhachheo/Developer/actions-runner/.credentials
[2022-11-09 18:38:43Z INFO HostContext] Well known directory 'Bin': '/Users/songhachheo/Developer/actions-runner/bin'
[2022-11-09 18:38:43Z INFO HostContext] Well known directory 'Root': '/Users/songhachheo/Developer/actions-runner'
[2022-11-09 18:38:43Z INFO HostContext] Well known config file 'MigratedCredentials': '/Users/songhachheo/Developer/actions-runner/.credentials_migrated'
[2022-11-09 18:38:43Z INFO ConfigurationStore] MigratedCredFilePath: /Users/songhachheo/Developer/actions-runner/.credentials_migrated
[2022-11-09 18:38:43Z INFO HostContext] Well known directory 'Bin': '/Users/songhachheo/Developer/actions-runner/bin'
[2022-11-09 18:38:43Z INFO HostContext] Well known directory 'Root': '/Users/songhachheo/Developer/actions-runner'
[2022-11-09 18:38:43Z INFO HostContext] Well known config file 'Service': '/Users/songhachheo/Developer/actions-runner/.service'
[2022-11-09 18:38:43Z INFO ConfigurationStore] ServiceConfigFilePath: /Users/songhachheo/Developer/actions-runner/.service
[2022-11-09 18:38:43Z INFO CommandSettings] Flag 'help': 'False'
[2022-11-09 18:38:43Z INFO CommandSettings] Flag 'version': 'False'
[2022-11-09 18:38:43Z INFO CommandSettings] Flag 'commit': 'False'
[2022-11-09 18:38:43Z INFO CommandSettings] Flag 'check': 'False'
[2022-11-09 18:38:43Z INFO CommandSettings] Command 'configure': 'False'
[2022-11-09 18:38:43Z INFO CommandSettings] Command 'remove': 'False'
[2022-11-09 18:38:43Z INFO CommandSettings] Command 'warmup': 'False'
[2022-11-09 18:38:43Z INFO ConfigurationManager] LoadSettings
[2022-11-09 18:38:43Z INFO ConfigurationStore] IsConfigured()
[2022-11-09 18:38:43Z INFO ConfigurationStore] IsConfigured: True
[2022-11-09 18:38:43Z INFO ConfigurationManager] Is configured: True
[2022-11-09 18:38:43Z INFO ConfigurationStore] Read setting file: 294 chars
[2022-11-09 18:38:43Z INFO ConfigurationManager] Settings Loaded
[2022-11-09 18:38:43Z INFO ConfigurationStore] IsServiceConfigured()
[2022-11-09 18:38:43Z INFO ConfigurationStore] IsServiceConfigured: False
[2022-11-09 18:38:43Z INFO CommandSettings] Command 'run': 'True'
[2022-11-09 18:38:43Z INFO ConfigurationStore] IsConfigured()
[2022-11-09 18:38:43Z INFO ConfigurationStore] IsConfigured: True
[2022-11-09 18:38:43Z INFO ConfigurationManager] Is configured: True
[2022-11-09 18:38:43Z INFO Runner] Could not parse the argument value '' for StartupType. Defaulting to Manual
[2022-11-09 18:38:43Z INFO Runner] Set runner startup type - Manual
[2022-11-09 18:38:43Z INFO CommandSettings] Flag 'once': 'False'
[2022-11-09 18:38:43Z INFO CommandSettings] Flag 'once': 'False'
[2022-11-09 18:38:43Z INFO Runner] RunAsync
[2022-11-09 18:38:43Z INFO ConfigurationManager] LoadSettings
[2022-11-09 18:38:43Z INFO ConfigurationStore] IsConfigured()
[2022-11-09 18:38:43Z INFO ConfigurationStore] IsConfigured: True
[2022-11-09 18:38:43Z INFO ConfigurationManager] Is configured: True
[2022-11-09 18:38:43Z INFO ConfigurationManager] Settings Loaded
[2022-11-09 18:38:43Z INFO MessageListener] {
  "AgentId": 2,
  "AgentName": "SongsMacbookPro",
  "PoolId": 1,
  "PoolName": "Default",
  "ServerUrl": "https://pipelines.actions.githubusercontent.com/KWuTwthKZ1MluMHHiFe7r8rjJ9bWkhHb763fuPH2ylHxBlwlqp",
  "GitHubUrl": "https://github.com/songhachheo/autocommit",
  "WorkFolder": "_work"
}
[2022-11-09 18:38:43Z INFO MessageListener] Loading Credentials
[2022-11-09 18:38:43Z INFO ConfigurationStore] HasCredentials()
[2022-11-09 18:38:43Z INFO ConfigurationStore] stored True
[2022-11-09 18:38:43Z INFO CredentialManager] GetCredentialProvider
[2022-11-09 18:38:43Z INFO CredentialManager] Creating type OAuth
[2022-11-09 18:38:43Z INFO CredentialManager] Creating credential type: OAuth
[2022-11-09 18:38:43Z INFO HostContext] Well known directory 'Bin': '/Users/songhachheo/Developer/actions-runner/bin'
[2022-11-09 18:38:43Z INFO HostContext] Well known directory 'Root': '/Users/songhachheo/Developer/actions-runner'
[2022-11-09 18:38:43Z INFO HostContext] Well known config file 'RSACredentials': '/Users/songhachheo/Developer/actions-runner/.credentials_rsaparams'
[2022-11-09 18:38:43Z INFO RSAFileKeyManager] Loading RSA key parameters from file /Users/songhachheo/Developer/actions-runner/.credentials_rsaparams
[2022-11-09 18:38:43Z INFO MessageListener] Attempt to create session.
[2022-11-09 18:38:43Z INFO MessageListener] Connecting to the Runner Server...
[2022-11-09 18:38:43Z INFO RunnerServer] Establish connection with 100 seconds timeout.
[2022-11-09 18:38:43Z INFO GitHubActionsService] Starting operation Location.GetConnectionData
[2022-11-09 18:38:43Z INFO RunnerServer] Establish connection with 60 seconds timeout.
[2022-11-09 18:38:43Z INFO GitHubActionsService] Starting operation Location.GetConnectionData
[2022-11-09 18:38:43Z INFO RunnerServer] Establish connection with 60 seconds timeout.
[2022-11-09 18:38:43Z INFO GitHubActionsService] Starting operation Location.GetConnectionData
[2022-11-09 18:38:44Z INFO GitHubActionsService] Finished operation Location.GetConnectionData
[2022-11-09 18:38:44Z INFO GitHubActionsService] Finished operation Location.GetConnectionData
[2022-11-09 18:38:44Z INFO GitHubActionsService] Finished operation Location.GetConnectionData
[2022-11-09 18:38:44Z INFO MessageListener] VssConnection created
[2022-11-09 18:38:44Z INFO Terminal] WRITE LINE: 
[2022-11-09 18:38:44Z INFO Terminal] WRITE LINE: 
[2022-11-09 18:38:44Z INFO RSAFileKeyManager] Loading RSA key parameters from file /Users/songhachheo/Developer/actions-runner/.credentials_rsaparams
[2022-11-09 18:38:44Z INFO RSAFileKeyManager] Loading RSA key parameters from file /Users/songhachheo/Developer/actions-runner/.credentials_rsaparams
[2022-11-09 18:38:44Z INFO GitHubActionsService] AAD Correlation ID for this token request: Unknown
[2022-11-09 18:38:45Z ERR  GitHubActionsService] POST request to https://pipelines.actions.githubusercontent.com/KWuTwthKZ1MluMHHiFe7r8rjJ9bWkhHb763fuPH2ylHxBlwlqp/_apis/distributedtask/pools/1/sessions failed. HTTP Status: Conflict, AFD Ref: Ref A: 43E4D841BD64478AB8D716250CDBA8CB Ref B: LAXEDGE1715 Ref C: 2022-11-09T18:38:45Z
[2022-11-09 18:38:45Z ERR  MessageListener] Catch exception during create session.
[2022-11-09 18:38:45Z ERR  MessageListener] GitHub.DistributedTask.WebApi.TaskAgentSessionConflictException: The actions runner SongsMacbookPro already has an active session for owner SongsMacbookPro.
   at GitHub.Services.WebApi.VssHttpClientBase.HandleResponseAsync(HttpResponseMessage response, CancellationToken cancellationToken)
   at GitHub.Services.WebApi.VssHttpClientBase.SendAsync(HttpRequestMessage message, HttpCompletionOption completionOption, Object userState, CancellationToken cancellationToken)
   at GitHub.Services.WebApi.VssHttpClientBase.SendAsync[T](HttpRequestMessage message, Object userState, CancellationToken cancellationToken)
   at GitHub.Services.WebApi.VssHttpClientBase.SendAsync[T](HttpMethod method, IEnumerable`1 additionalHeaders, Guid locationId, Object routeValues, ApiResourceVersion version, HttpContent content, IEnumerable`1 queryParameters, Object userState, CancellationToken cancellationToken)
   at GitHub.Runner.Listener.MessageListener.CreateSessionAsync(CancellationToken token)
[2022-11-09 18:38:45Z INFO MessageListener] The session for this runner already exists.
[2022-11-09 18:38:45Z ERR  Terminal] WRITE ERROR: A session for this runner already exists.
[2022-11-09 18:38:45Z INFO MessageListener] The session conflict exception haven't reached retry limit.
[2022-11-09 18:38:45Z ERR  Terminal] WRITE ERROR: 2022-11-09 18:38:45Z: Runner connect error: The actions runner SongsMacbookPro already has an active session for owner SongsMacbookPro.. Retrying until reconnected.
[2022-11-09 18:38:45Z INFO MessageListener] Sleeping for 30 seconds before retrying.
[2022-11-09 18:38:58Z INFO Terminal] WRITE LINE: Exiting...
[2022-11-09 18:38:58Z INFO ConfigurationStore] IsServiceConfigured()
[2022-11-09 18:38:58Z INFO ConfigurationStore] IsServiceConfigured: False
[2022-11-09 18:38:58Z INFO HostContext] Runner will be shutdown for UserCancelled
[2022-11-09 18:38:58Z INFO Listener] Runner execution been cancelled.
