[2022-11-11 11:26:32Z INFO HostContext] No proxy settings were found based on environmental variables (http_proxy/https_proxy/HTTP_PROXY/HTTPS_PROXY)
[2022-11-11 11:26:32Z INFO HostContext] Well known directory 'Bin': '/Users/songhachheo/Developer/cis129-programming-logic/actions-runner/bin'
[2022-11-11 11:26:32Z INFO HostContext] Well known directory 'Root': '/Users/songhachheo/Developer/cis129-programming-logic/actions-runner'
[2022-11-11 11:26:32Z INFO HostContext] Well known config file 'Credentials': '/Users/songhachheo/Developer/cis129-programming-logic/actions-runner/.credentials'
[2022-11-11 11:26:32Z INFO HostContext] Well known directory 'Bin': '/Users/songhachheo/Developer/cis129-programming-logic/actions-runner/bin'
[2022-11-11 11:26:32Z INFO HostContext] Well known directory 'Root': '/Users/songhachheo/Developer/cis129-programming-logic/actions-runner'
[2022-11-11 11:26:32Z INFO HostContext] Well known config file 'Runner': '/Users/songhachheo/Developer/cis129-programming-logic/actions-runner/.runner'
[2022-11-11 11:26:32Z INFO Listener] Runner is built for OSX (Arm64) - osx-arm64.
[2022-11-11 11:26:32Z INFO Listener] RuntimeInformation: Darwin 22.1.0 Darwin Kernel Version 22.1.0: Sun Oct  9 20:15:09 PDT 2022; root:xnu-8792.41.9~2/RELEASE_ARM64_T6000.
[2022-11-11 11:26:32Z INFO Listener] Version: 2.298.2
[2022-11-11 11:26:32Z INFO Listener] Commit: f49f0247c8f15ef51086a7c2405333cb91c6f3cd
[2022-11-11 11:26:32Z INFO Listener] Culture: en-US
[2022-11-11 11:26:32Z INFO Listener] UI Culture: en-US
[2022-11-11 11:26:32Z INFO HostContext] Well known directory 'Bin': '/Users/songhachheo/Developer/cis129-programming-logic/actions-runner/bin'
[2022-11-11 11:26:32Z INFO HostContext] Well known directory 'Root': '/Users/songhachheo/Developer/cis129-programming-logic/actions-runner'
[2022-11-11 11:26:32Z INFO Listener] Validating directory permissions for: '/Users/songhachheo/Developer/cis129-programming-logic/actions-runner'
[2022-11-11 11:26:32Z INFO CommandLineParser] Parse
[2022-11-11 11:26:32Z INFO CommandLineParser] Parsing 1 args
[2022-11-11 11:26:32Z INFO CommandLineParser] parsing argument
[2022-11-11 11:26:32Z INFO CommandLineParser] HasArgs: False
[2022-11-11 11:26:32Z INFO CommandLineParser] Adding Command: run
[2022-11-11 11:26:32Z INFO Listener] Arguments parsed
[2022-11-11 11:26:32Z INFO Runner] ExecuteCommand
[2022-11-11 11:26:32Z INFO ConfigurationStore] currentAssemblyLocation: /Users/songhachheo/Developer/cis129-programming-logic/actions-runner/bin/Runner.Listener.dll
[2022-11-11 11:26:32Z INFO HostContext] Well known directory 'Bin': '/Users/songhachheo/Developer/cis129-programming-logic/actions-runner/bin'
[2022-11-11 11:26:32Z INFO ConfigurationStore] binPath: /Users/songhachheo/Developer/cis129-programming-logic/actions-runner/bin
[2022-11-11 11:26:32Z INFO HostContext] Well known directory 'Bin': '/Users/songhachheo/Developer/cis129-programming-logic/actions-runner/bin'
[2022-11-11 11:26:32Z INFO HostContext] Well known directory 'Root': '/Users/songhachheo/Developer/cis129-programming-logic/actions-runner'
[2022-11-11 11:26:32Z INFO ConfigurationStore] RootFolder: /Users/songhachheo/Developer/cis129-programming-logic/actions-runner
[2022-11-11 11:26:32Z INFO HostContext] Well known directory 'Bin': '/Users/songhachheo/Developer/cis129-programming-logic/actions-runner/bin'
[2022-11-11 11:26:32Z INFO HostContext] Well known directory 'Root': '/Users/songhachheo/Developer/cis129-programming-logic/actions-runner'
[2022-11-11 11:26:32Z INFO HostContext] Well known config file 'Runner': '/Users/songhachheo/Developer/cis129-programming-logic/actions-runner/.runner'
[2022-11-11 11:26:32Z INFO ConfigurationStore] ConfigFilePath: /Users/songhachheo/Developer/cis129-programming-logic/actions-runner/.runner
[2022-11-11 11:26:32Z INFO HostContext] Well known directory 'Bin': '/Users/songhachheo/Developer/cis129-programming-logic/actions-runner/bin'
[2022-11-11 11:26:32Z INFO HostContext] Well known directory 'Root': '/Users/songhachheo/Developer/cis129-programming-logic/actions-runner'
[2022-11-11 11:26:32Z INFO HostContext] Well known config file 'Credentials': '/Users/songhachheo/Developer/cis129-programming-logic/actions-runner/.credentials'
[2022-11-11 11:26:32Z INFO ConfigurationStore] CredFilePath: /Users/songhachheo/Developer/cis129-programming-logic/actions-runner/.credentials
[2022-11-11 11:26:32Z INFO HostContext] Well known directory 'Bin': '/Users/songhachheo/Developer/cis129-programming-logic/actions-runner/bin'
[2022-11-11 11:26:32Z INFO HostContext] Well known directory 'Root': '/Users/songhachheo/Developer/cis129-programming-logic/actions-runner'
[2022-11-11 11:26:32Z INFO HostContext] Well known config file 'MigratedCredentials': '/Users/songhachheo/Developer/cis129-programming-logic/actions-runner/.credentials_migrated'
[2022-11-11 11:26:32Z INFO ConfigurationStore] MigratedCredFilePath: /Users/songhachheo/Developer/cis129-programming-logic/actions-runner/.credentials_migrated
[2022-11-11 11:26:32Z INFO HostContext] Well known directory 'Bin': '/Users/songhachheo/Developer/cis129-programming-logic/actions-runner/bin'
[2022-11-11 11:26:32Z INFO HostContext] Well known directory 'Root': '/Users/songhachheo/Developer/cis129-programming-logic/actions-runner'
[2022-11-11 11:26:32Z INFO HostContext] Well known config file 'Service': '/Users/songhachheo/Developer/cis129-programming-logic/actions-runner/.service'
[2022-11-11 11:26:32Z INFO ConfigurationStore] ServiceConfigFilePath: /Users/songhachheo/Developer/cis129-programming-logic/actions-runner/.service
[2022-11-11 11:26:32Z INFO CommandSettings] Flag 'help': 'False'
[2022-11-11 11:26:32Z INFO CommandSettings] Flag 'version': 'False'
[2022-11-11 11:26:32Z INFO CommandSettings] Flag 'commit': 'False'
[2022-11-11 11:26:32Z INFO CommandSettings] Flag 'check': 'False'
[2022-11-11 11:26:32Z INFO CommandSettings] Command 'configure': 'False'
[2022-11-11 11:26:32Z INFO CommandSettings] Command 'remove': 'False'
[2022-11-11 11:26:32Z INFO CommandSettings] Command 'warmup': 'False'
[2022-11-11 11:26:32Z INFO ConfigurationManager] LoadSettings
[2022-11-11 11:26:32Z INFO ConfigurationStore] IsConfigured()
[2022-11-11 11:26:32Z INFO ConfigurationStore] IsConfigured: True
[2022-11-11 11:26:32Z INFO ConfigurationManager] Is configured: True
[2022-11-11 11:26:32Z INFO ConfigurationStore] Read setting file: 294 chars
[2022-11-11 11:26:32Z INFO ConfigurationManager] Settings Loaded
[2022-11-11 11:26:32Z INFO ConfigurationStore] IsServiceConfigured()
[2022-11-11 11:26:32Z INFO ConfigurationStore] IsServiceConfigured: False
[2022-11-11 11:26:32Z INFO CommandSettings] Command 'run': 'True'
[2022-11-11 11:26:32Z INFO ConfigurationStore] IsConfigured()
[2022-11-11 11:26:32Z INFO ConfigurationStore] IsConfigured: True
[2022-11-11 11:26:32Z INFO ConfigurationManager] Is configured: True
[2022-11-11 11:26:32Z INFO Runner] Could not parse the argument value '' for StartupType. Defaulting to Manual
[2022-11-11 11:26:32Z INFO Runner] Set runner startup type - Manual
[2022-11-11 11:26:32Z INFO CommandSettings] Flag 'once': 'False'
[2022-11-11 11:26:32Z INFO CommandSettings] Flag 'once': 'False'
[2022-11-11 11:26:32Z INFO Runner] RunAsync
[2022-11-11 11:26:32Z INFO ConfigurationManager] LoadSettings
[2022-11-11 11:26:32Z INFO ConfigurationStore] IsConfigured()
[2022-11-11 11:26:32Z INFO ConfigurationStore] IsConfigured: True
[2022-11-11 11:26:32Z INFO ConfigurationManager] Is configured: True
[2022-11-11 11:26:32Z INFO ConfigurationManager] Settings Loaded
[2022-11-11 11:26:32Z INFO MessageListener] {
  "AgentId": 2,
  "AgentName": "SongsMacbookPro",
  "PoolId": 1,
  "PoolName": "Default",
  "ServerUrl": "https://pipelines.actions.githubusercontent.com/KWuTwthKZ1MluMHHiFe7r8rjJ9bWkhHb763fuPH2ylHxBlwlqp",
  "GitHubUrl": "https://github.com/songhachheo/autocommit",
  "WorkFolder": "_work"
}
[2022-11-11 11:26:32Z INFO MessageListener] Loading Credentials
[2022-11-11 11:26:32Z INFO ConfigurationStore] HasCredentials()
[2022-11-11 11:26:32Z INFO ConfigurationStore] stored True
[2022-11-11 11:26:32Z INFO CredentialManager] GetCredentialProvider
[2022-11-11 11:26:32Z INFO CredentialManager] Creating type OAuth
[2022-11-11 11:26:32Z INFO CredentialManager] Creating credential type: OAuth
[2022-11-11 11:26:32Z INFO HostContext] Well known directory 'Bin': '/Users/songhachheo/Developer/cis129-programming-logic/actions-runner/bin'
[2022-11-11 11:26:32Z INFO HostContext] Well known directory 'Root': '/Users/songhachheo/Developer/cis129-programming-logic/actions-runner'
[2022-11-11 11:26:32Z INFO HostContext] Well known config file 'RSACredentials': '/Users/songhachheo/Developer/cis129-programming-logic/actions-runner/.credentials_rsaparams'
[2022-11-11 11:26:32Z INFO RSAFileKeyManager] Loading RSA key parameters from file /Users/songhachheo/Developer/cis129-programming-logic/actions-runner/.credentials_rsaparams
[2022-11-11 11:26:32Z INFO MessageListener] Attempt to create session.
[2022-11-11 11:26:32Z INFO MessageListener] Connecting to the Runner Server...
[2022-11-11 11:26:32Z INFO RunnerServer] Establish connection with 100 seconds timeout.
[2022-11-11 11:26:32Z INFO GitHubActionsService] Starting operation Location.GetConnectionData
[2022-11-11 11:26:32Z INFO RunnerServer] Establish connection with 60 seconds timeout.
[2022-11-11 11:26:32Z INFO GitHubActionsService] Starting operation Location.GetConnectionData
[2022-11-11 11:26:32Z INFO RunnerServer] Establish connection with 60 seconds timeout.
[2022-11-11 11:26:32Z INFO GitHubActionsService] Starting operation Location.GetConnectionData
[2022-11-11 11:26:33Z INFO GitHubActionsService] Finished operation Location.GetConnectionData
[2022-11-11 11:26:33Z INFO GitHubActionsService] Finished operation Location.GetConnectionData
[2022-11-11 11:26:33Z INFO GitHubActionsService] Finished operation Location.GetConnectionData
[2022-11-11 11:26:33Z INFO MessageListener] VssConnection created
[2022-11-11 11:26:33Z INFO Terminal] WRITE LINE: 
[2022-11-11 11:26:33Z INFO Terminal] WRITE LINE: 
[2022-11-11 11:26:33Z INFO RSAFileKeyManager] Loading RSA key parameters from file /Users/songhachheo/Developer/cis129-programming-logic/actions-runner/.credentials_rsaparams
[2022-11-11 11:26:33Z INFO RSAFileKeyManager] Loading RSA key parameters from file /Users/songhachheo/Developer/cis129-programming-logic/actions-runner/.credentials_rsaparams
[2022-11-11 11:26:34Z INFO GitHubActionsService] AAD Correlation ID for this token request: Unknown
[2022-11-11 11:26:34Z INFO MessageListener] Session created.
[2022-11-11 11:26:34Z INFO Terminal] WRITE LINE: Current runner version: '2.298.2'
[2022-11-11 11:26:34Z INFO Terminal] WRITE LINE: 2022-11-11 11:26:34Z: Listening for Jobs
[2022-11-11 11:26:34Z INFO JobDispatcher] Set runner/worker IPC timeout to 30 seconds.
