[2022-11-11 12:16:15Z INFO HostContext] No proxy settings were found based on environmental variables (http_proxy/https_proxy/HTTP_PROXY/HTTPS_PROXY)
[2022-11-11 12:16:15Z INFO HostContext] Well known directory 'Bin': '/Users/songhachheo/Developer/cis129-programming-logic/actions-runner/bin'
[2022-11-11 12:16:15Z INFO HostContext] Well known directory 'Root': '/Users/songhachheo/Developer/cis129-programming-logic/actions-runner'
[2022-11-11 12:16:15Z INFO HostContext] Well known config file 'Credentials': '/Users/songhachheo/Developer/cis129-programming-logic/actions-runner/.credentials'
[2022-11-11 12:16:15Z INFO HostContext] Well known directory 'Bin': '/Users/songhachheo/Developer/cis129-programming-logic/actions-runner/bin'
[2022-11-11 12:16:15Z INFO HostContext] Well known directory 'Root': '/Users/songhachheo/Developer/cis129-programming-logic/actions-runner'
[2022-11-11 12:16:15Z INFO HostContext] Well known config file 'Runner': '/Users/songhachheo/Developer/cis129-programming-logic/actions-runner/.runner'
[2022-11-11 12:16:15Z INFO Listener] Runner is built for OSX (X64) - osx-x64.
[2022-11-11 12:16:15Z INFO Listener] RuntimeInformation: Darwin 22.1.0 Darwin Kernel Version 22.1.0: Sun Oct  9 20:15:09 PDT 2022; root:xnu-8792.41.9~2/RELEASE_ARM64_T6000.
[2022-11-11 12:16:15Z INFO Listener] Version: 2.299.1
[2022-11-11 12:16:15Z INFO Listener] Commit: 2e44f985bd9bf890dc061e654f6a850c6f1249cf
[2022-11-11 12:16:15Z INFO Listener] Culture: en-US
[2022-11-11 12:16:15Z INFO Listener] UI Culture: en-US
[2022-11-11 12:16:15Z INFO HostContext] Well known directory 'Bin': '/Users/songhachheo/Developer/cis129-programming-logic/actions-runner/bin'
[2022-11-11 12:16:15Z INFO HostContext] Well known directory 'Root': '/Users/songhachheo/Developer/cis129-programming-logic/actions-runner'
[2022-11-11 12:16:15Z INFO Listener] Validating directory permissions for: '/Users/songhachheo/Developer/cis129-programming-logic/actions-runner'
[2022-11-11 12:16:15Z INFO CommandLineParser] Parse
[2022-11-11 12:16:15Z INFO CommandLineParser] Parsing 5 args
[2022-11-11 12:16:15Z INFO CommandLineParser] parsing argument
[2022-11-11 12:16:15Z INFO CommandLineParser] HasArgs: False
[2022-11-11 12:16:15Z INFO CommandLineParser] Adding Command: configure
[2022-11-11 12:16:15Z INFO CommandLineParser] parsing argument
[2022-11-11 12:16:15Z INFO CommandLineParser] HasArgs: True
[2022-11-11 12:16:15Z INFO CommandLineParser] arg: url
[2022-11-11 12:16:15Z INFO CommandLineParser] parsing argument
[2022-11-11 12:16:15Z INFO CommandLineParser] HasArgs: True
[2022-11-11 12:16:15Z INFO CommandLineParser] Adding option 'url': 'https://github.com/songhachheo/cis129-programming-logic'
[2022-11-11 12:16:15Z INFO CommandLineParser] parsing argument
[2022-11-11 12:16:15Z INFO CommandLineParser] HasArgs: True
[2022-11-11 12:16:15Z INFO CommandLineParser] arg: token
[2022-11-11 12:16:15Z INFO CommandLineParser] parsing argument
[2022-11-11 12:16:15Z INFO CommandLineParser] HasArgs: True
[2022-11-11 12:16:15Z INFO CommandLineParser] Adding option 'token': '***'
[2022-11-11 12:16:15Z INFO Listener] Arguments parsed
[2022-11-11 12:16:16Z INFO Runner] ExecuteCommand
[2022-11-11 12:16:16Z INFO ConfigurationStore] currentAssemblyLocation: /Users/songhachheo/Developer/cis129-programming-logic/actions-runner/bin/Runner.Listener.dll
[2022-11-11 12:16:16Z INFO HostContext] Well known directory 'Bin': '/Users/songhachheo/Developer/cis129-programming-logic/actions-runner/bin'
[2022-11-11 12:16:16Z INFO ConfigurationStore] binPath: /Users/songhachheo/Developer/cis129-programming-logic/actions-runner/bin
[2022-11-11 12:16:16Z INFO HostContext] Well known directory 'Bin': '/Users/songhachheo/Developer/cis129-programming-logic/actions-runner/bin'
[2022-11-11 12:16:16Z INFO HostContext] Well known directory 'Root': '/Users/songhachheo/Developer/cis129-programming-logic/actions-runner'
[2022-11-11 12:16:16Z INFO ConfigurationStore] RootFolder: /Users/songhachheo/Developer/cis129-programming-logic/actions-runner
[2022-11-11 12:16:16Z INFO HostContext] Well known directory 'Bin': '/Users/songhachheo/Developer/cis129-programming-logic/actions-runner/bin'
[2022-11-11 12:16:16Z INFO HostContext] Well known directory 'Root': '/Users/songhachheo/Developer/cis129-programming-logic/actions-runner'
[2022-11-11 12:16:16Z INFO HostContext] Well known config file 'Runner': '/Users/songhachheo/Developer/cis129-programming-logic/actions-runner/.runner'
[2022-11-11 12:16:16Z INFO ConfigurationStore] ConfigFilePath: /Users/songhachheo/Developer/cis129-programming-logic/actions-runner/.runner
[2022-11-11 12:16:16Z INFO HostContext] Well known directory 'Bin': '/Users/songhachheo/Developer/cis129-programming-logic/actions-runner/bin'
[2022-11-11 12:16:16Z INFO HostContext] Well known directory 'Root': '/Users/songhachheo/Developer/cis129-programming-logic/actions-runner'
[2022-11-11 12:16:16Z INFO HostContext] Well known config file 'Credentials': '/Users/songhachheo/Developer/cis129-programming-logic/actions-runner/.credentials'
[2022-11-11 12:16:16Z INFO ConfigurationStore] CredFilePath: /Users/songhachheo/Developer/cis129-programming-logic/actions-runner/.credentials
[2022-11-11 12:16:16Z INFO HostContext] Well known directory 'Bin': '/Users/songhachheo/Developer/cis129-programming-logic/actions-runner/bin'
[2022-11-11 12:16:16Z INFO HostContext] Well known directory 'Root': '/Users/songhachheo/Developer/cis129-programming-logic/actions-runner'
[2022-11-11 12:16:16Z INFO HostContext] Well known config file 'MigratedCredentials': '/Users/songhachheo/Developer/cis129-programming-logic/actions-runner/.credentials_migrated'
[2022-11-11 12:16:16Z INFO ConfigurationStore] MigratedCredFilePath: /Users/songhachheo/Developer/cis129-programming-logic/actions-runner/.credentials_migrated
[2022-11-11 12:16:16Z INFO HostContext] Well known directory 'Bin': '/Users/songhachheo/Developer/cis129-programming-logic/actions-runner/bin'
[2022-11-11 12:16:16Z INFO HostContext] Well known directory 'Root': '/Users/songhachheo/Developer/cis129-programming-logic/actions-runner'
[2022-11-11 12:16:16Z INFO HostContext] Well known config file 'Service': '/Users/songhachheo/Developer/cis129-programming-logic/actions-runner/.service'
[2022-11-11 12:16:16Z INFO ConfigurationStore] ServiceConfigFilePath: /Users/songhachheo/Developer/cis129-programming-logic/actions-runner/.service
[2022-11-11 12:16:16Z INFO CommandSettings] Flag 'help': 'False'
[2022-11-11 12:16:16Z INFO CommandSettings] Flag 'version': 'False'
[2022-11-11 12:16:16Z INFO CommandSettings] Flag 'commit': 'False'
[2022-11-11 12:16:16Z INFO CommandSettings] Flag 'check': 'False'
[2022-11-11 12:16:16Z INFO CommandSettings] Command 'configure': 'True'
[2022-11-11 12:16:16Z INFO Terminal] WRITE LINE: 
[2022-11-11 12:16:16Z INFO Terminal] WRITE LINE: --------------------------------------------------------------------------------
[2022-11-11 12:16:16Z INFO Terminal] WRITE LINE: |        ____ _ _   _   _       _          _        _   _                      |
[2022-11-11 12:16:16Z INFO Terminal] WRITE LINE: |       / ___(_) |_| | | |_   _| |__      / \   ___| |_(_) ___  _ __  ___      |
[2022-11-11 12:16:16Z INFO Terminal] WRITE LINE: |      | |  _| | __| |_| | | | | '_ \    / _ \ / __| __| |/ _ \| '_ \/ __|     |
[2022-11-11 12:16:16Z INFO Terminal] WRITE LINE: |      | |_| | | |_|  _  | |_| | |_) |  / ___ \ (__| |_| | (_) | | | \__ \     |
[2022-11-11 12:16:16Z INFO Terminal] WRITE LINE: |       \____|_|\__|_| |_|\__,_|_.__/  /_/   \_\___|\__|_|\___/|_| |_|___/     |
[2022-11-11 12:16:16Z INFO Terminal] WRITE LINE: |                                                                              |
[2022-11-11 12:16:16Z INFO Terminal] WRITE: |                       
[2022-11-11 12:16:16Z INFO Terminal] WRITE: Self-hosted runner registration
[2022-11-11 12:16:16Z INFO Terminal] WRITE LINE:                         |
[2022-11-11 12:16:16Z INFO Terminal] WRITE LINE: |                                                                              |
[2022-11-11 12:16:16Z INFO Terminal] WRITE LINE: --------------------------------------------------------------------------------
[2022-11-11 12:16:16Z INFO ConfigurationManager] ConfigureAsync
[2022-11-11 12:16:16Z INFO CommandSettings] Flag 'generateServiceConfig': 'False'
[2022-11-11 12:16:16Z INFO ConfigurationStore] IsConfigured()
[2022-11-11 12:16:16Z INFO ConfigurationStore] IsConfigured: False
[2022-11-11 12:16:16Z INFO ConfigurationManager] Is configured: False
[2022-11-11 12:16:16Z INFO CommandSettings] Arg 'url': 'https://github.com/songhachheo/cis129-programming-logic'
[2022-11-11 12:16:16Z INFO CommandSettings] Remove url from Arg dictionary.
[2022-11-11 12:16:16Z INFO CommandSettings] Arg 'token': '***'
[2022-11-11 12:16:16Z INFO CommandSettings] Remove token from Arg dictionary.
[2022-11-11 12:16:19Z INFO ConfigurationManager] Http response code: OK from 'POST https://api.github.com/actions/runner-registration'
[2022-11-11 12:16:19Z INFO ConfigurationManager] cred retrieved via GitHub auth
[2022-11-11 12:16:19Z INFO RunnerServer] EstablishVssConnection
[2022-11-11 12:16:19Z INFO RunnerServer] Establish connection with 100 seconds timeout.
[2022-11-11 12:16:19Z INFO GitHubActionsService] Starting operation Location.GetConnectionData
[2022-11-11 12:16:19Z INFO RunnerServer] EstablishVssConnection
[2022-11-11 12:16:19Z INFO RunnerServer] Establish connection with 60 seconds timeout.
[2022-11-11 12:16:19Z INFO GitHubActionsService] Starting operation Location.GetConnectionData
[2022-11-11 12:16:19Z INFO RunnerServer] EstablishVssConnection
[2022-11-11 12:16:19Z INFO RunnerServer] Establish connection with 60 seconds timeout.
[2022-11-11 12:16:19Z INFO GitHubActionsService] Starting operation Location.GetConnectionData
[2022-11-11 12:16:20Z INFO GitHubActionsService] Finished operation Location.GetConnectionData
[2022-11-11 12:16:20Z INFO GitHubActionsService] Finished operation Location.GetConnectionData
[2022-11-11 12:16:20Z INFO GitHubActionsService] Finished operation Location.GetConnectionData
[2022-11-11 12:16:20Z INFO Terminal] WRITE LINE: 
[2022-11-11 12:16:20Z INFO ConfigurationManager] Test Connection complete.
[2022-11-11 12:16:20Z INFO HostContext] Well known directory 'Bin': '/Users/songhachheo/Developer/cis129-programming-logic/actions-runner/bin'
[2022-11-11 12:16:20Z INFO HostContext] Well known directory 'Root': '/Users/songhachheo/Developer/cis129-programming-logic/actions-runner'
[2022-11-11 12:16:20Z INFO HostContext] Well known config file 'RSACredentials': '/Users/songhachheo/Developer/cis129-programming-logic/actions-runner/.credentials_rsaparams'
[2022-11-11 12:16:20Z INFO RSAFileKeyManager] Creating new RSA key using 2048-bit key length
[2022-11-11 12:16:21Z INFO RSAFileKeyManager] Successfully saved RSA key parameters to file /Users/songhachheo/Developer/cis129-programming-logic/actions-runner/.credentials_rsaparams
[2022-11-11 12:16:21Z INFO RSAFileKeyManager] Which: 'chmod'
[2022-11-11 12:16:21Z INFO RSAFileKeyManager] Location: '/bin/chmod'
[2022-11-11 12:16:21Z INFO HostContext] Well known directory 'Bin': '/Users/songhachheo/Developer/cis129-programming-logic/actions-runner/bin'
[2022-11-11 12:16:21Z INFO HostContext] Well known directory 'Root': '/Users/songhachheo/Developer/cis129-programming-logic/actions-runner'
[2022-11-11 12:16:21Z INFO ProcessInvokerWrapper] Starting process:
[2022-11-11 12:16:21Z INFO ProcessInvokerWrapper]   File name: '/bin/chmod'
[2022-11-11 12:16:21Z INFO ProcessInvokerWrapper]   Arguments: '600 /Users/songhachheo/Developer/cis129-programming-logic/actions-runner/.credentials_rsaparams'
[2022-11-11 12:16:21Z INFO ProcessInvokerWrapper]   Working directory: '/Users/songhachheo/Developer/cis129-programming-logic/actions-runner'
[2022-11-11 12:16:21Z INFO ProcessInvokerWrapper]   Require exit code zero: 'False'
[2022-11-11 12:16:21Z INFO ProcessInvokerWrapper]   Encoding web name:  ; code page: ''
[2022-11-11 12:16:21Z INFO ProcessInvokerWrapper]   Force kill process on cancellation: 'False'
[2022-11-11 12:16:21Z INFO ProcessInvokerWrapper]   Redirected STDIN: 'False'
[2022-11-11 12:16:21Z INFO ProcessInvokerWrapper]   Persist current code page: 'False'
[2022-11-11 12:16:21Z INFO ProcessInvokerWrapper]   Keep redirected STDIN open: 'False'
[2022-11-11 12:16:21Z INFO ProcessInvokerWrapper]   High priority process: 'False'
[2022-11-11 12:16:21Z INFO ProcessInvokerWrapper] Process started with process id 16418, waiting for process exit.
[2022-11-11 12:16:21Z INFO ProcessInvokerWrapper] STDOUT/STDERR stream read finished.
[2022-11-11 12:16:21Z INFO ProcessInvokerWrapper] STDOUT/STDERR stream read finished.
[2022-11-11 12:16:21Z INFO ProcessInvokerWrapper] Finished process 16418 with exit code 0, and elapsed time 00:00:00.2166586.
[2022-11-11 12:16:21Z INFO RSAFileKeyManager] Successfully set permissions for RSA key parameters file /Users/songhachheo/Developer/cis129-programming-logic/actions-runner/.credentials_rsaparams
[2022-11-11 12:16:21Z INFO CommandSettings] Arg 'runnergroup': ''
[2022-11-11 12:16:21Z INFO CommandSettings] Flag 'unattended': 'False'
[2022-11-11 12:16:21Z INFO PromptManager] ReadValue
[2022-11-11 12:16:21Z INFO Terminal] WRITE: Enter the name of the runner group to add this runner to: 
[2022-11-11 12:16:21Z INFO Terminal] WRITE: [press Enter for Default] 
[2022-11-11 12:16:21Z INFO Terminal] READ LINE
[2022-11-11 12:16:27Z INFO Terminal] Read value: ''
[2022-11-11 12:16:27Z INFO PromptManager] Falling back to the default: 'Default'
[2022-11-11 12:16:27Z INFO Terminal] WRITE LINE: 
[2022-11-11 12:16:27Z INFO ConfigurationManager] Found a self-hosted runner group with id 1 and name Default
[2022-11-11 12:16:27Z INFO CommandSettings] Flag 'disableupdate': 'False'
[2022-11-11 12:16:27Z INFO CommandSettings] Flag 'ephemeral': 'False'
[2022-11-11 12:16:27Z INFO CommandSettings] Arg 'name': ''
[2022-11-11 12:16:27Z INFO CommandSettings] Flag 'unattended': 'False'
[2022-11-11 12:16:27Z INFO PromptManager] ReadValue
[2022-11-11 12:16:27Z INFO Terminal] WRITE: Enter the name of runner: 
[2022-11-11 12:16:27Z INFO Terminal] WRITE: [press Enter for SongsMacbookPro] 
[2022-11-11 12:16:27Z INFO Terminal] READ LINE
[2022-11-11 12:16:27Z INFO Terminal] Read value: ''
[2022-11-11 12:16:27Z INFO PromptManager] Falling back to the default: 'SongsMacbookPro'
[2022-11-11 12:16:27Z INFO Terminal] WRITE LINE: 
[2022-11-11 12:16:27Z INFO CommandSettings] Arg 'labels': ''
[2022-11-11 12:16:27Z INFO CommandSettings] Flag 'unattended': 'False'
[2022-11-11 12:16:27Z INFO PromptManager] ReadValue
[2022-11-11 12:16:27Z INFO Terminal] WRITE: This runner will have the following labels: 'self-hosted', 'macOS', 'X64' 
Enter any additional labels (ex. label-1,label-2): 
[2022-11-11 12:16:27Z INFO Terminal] WRITE: [press Enter to skip] 
[2022-11-11 12:16:27Z INFO Terminal] READ LINE
[2022-11-11 12:16:30Z INFO Terminal] Read value: ''
[2022-11-11 12:16:30Z INFO Terminal] WRITE LINE: 
[2022-11-11 12:16:31Z INFO Terminal] WRITE LINE: A runner exists with the same name
[2022-11-11 12:16:31Z INFO CommandSettings] Flag 'replace': 'False'
[2022-11-11 12:16:31Z INFO CommandSettings] Flag 'unattended': 'False'
[2022-11-11 12:16:31Z INFO PromptManager] ReadValue
[2022-11-11 12:16:31Z INFO Terminal] WRITE: Would you like to replace the existing runner? (Y/N) 
[2022-11-11 12:16:31Z INFO Terminal] WRITE: [press Enter for N] 
[2022-11-11 12:16:31Z INFO Terminal] READ LINE
[2022-11-11 12:16:35Z INFO Terminal] Read value: 'y'
[2022-11-11 12:16:35Z INFO CommandSettings] Flag 'disableupdate': 'False'
[2022-11-11 12:16:35Z INFO CommandSettings] Flag 'disableupdate': 'False'
[2022-11-11 12:16:35Z INFO CommandSettings] Flag 'ephemeral': 'False'
[2022-11-11 12:16:35Z INFO ConfigurationStore] Saving OAuth credential @ /Users/songhachheo/Developer/cis129-programming-logic/actions-runner/.credentials
[2022-11-11 12:16:35Z INFO ConfigurationStore] Credentials Saved.
[2022-11-11 12:16:35Z INFO ConfigurationStore] HasCredentials()
[2022-11-11 12:16:35Z INFO ConfigurationStore] stored True
[2022-11-11 12:16:35Z INFO CredentialManager] GetCredentialProvider
[2022-11-11 12:16:35Z INFO CredentialManager] Creating type OAuth
[2022-11-11 12:16:35Z INFO CredentialManager] Creating credential type: OAuth
[2022-11-11 12:16:35Z INFO RSAFileKeyManager] Loading RSA key parameters from file /Users/songhachheo/Developer/cis129-programming-logic/actions-runner/.credentials_rsaparams
[2022-11-11 12:16:35Z INFO RunnerServer] EstablishVssConnection
[2022-11-11 12:16:35Z INFO RunnerServer] Establish connection with 100 seconds timeout.
[2022-11-11 12:16:35Z INFO GitHubActionsService] Starting operation Location.GetConnectionData
[2022-11-11 12:16:35Z INFO RunnerServer] EstablishVssConnection
[2022-11-11 12:16:35Z INFO RunnerServer] Establish connection with 60 seconds timeout.
[2022-11-11 12:16:35Z INFO GitHubActionsService] Starting operation Location.GetConnectionData
[2022-11-11 12:16:35Z INFO RunnerServer] EstablishVssConnection
[2022-11-11 12:16:35Z INFO RunnerServer] Establish connection with 60 seconds timeout.
[2022-11-11 12:16:35Z INFO GitHubActionsService] Starting operation Location.GetConnectionData
[2022-11-11 12:16:36Z INFO GitHubActionsService] Finished operation Location.GetConnectionData
[2022-11-11 12:16:36Z INFO GitHubActionsService] Finished operation Location.GetConnectionData
[2022-11-11 12:16:36Z INFO GitHubActionsService] Finished operation Location.GetConnectionData
[2022-11-11 12:16:36Z INFO RSAFileKeyManager] Loading RSA key parameters from file /Users/songhachheo/Developer/cis129-programming-logic/actions-runner/.credentials_rsaparams
[2022-11-11 12:16:36Z INFO RSAFileKeyManager] Loading RSA key parameters from file /Users/songhachheo/Developer/cis129-programming-logic/actions-runner/.credentials_rsaparams
[2022-11-11 12:16:36Z INFO GitHubActionsService] AAD Correlation ID for this token request: Unknown
[2022-11-11 12:16:36Z INFO CommandSettings] Arg 'work': ''
[2022-11-11 12:16:36Z INFO CommandSettings] Flag 'unattended': 'False'
[2022-11-11 12:16:36Z INFO PromptManager] ReadValue
[2022-11-11 12:16:36Z INFO Terminal] WRITE: Enter name of work folder: 
[2022-11-11 12:16:36Z INFO Terminal] WRITE: [press Enter for _work] 
[2022-11-11 12:16:36Z INFO Terminal] READ LINE
[2022-11-11 12:16:39Z INFO Terminal] Read value: ''
[2022-11-11 12:16:39Z INFO PromptManager] Falling back to the default: '_work'
[2022-11-11 12:16:39Z INFO ConfigurationStore] Saving runner settings.
[2022-11-11 12:16:39Z INFO ConfigurationStore] Settings Saved.
[2022-11-11 12:16:39Z INFO Terminal] WRITE LINE: 
[2022-11-11 12:16:39Z INFO Terminal] WRITE LINE: 
[2022-11-11 12:16:39Z INFO OsxServiceControlManager] Service name 'actions.runner.songhachheo-cis129-programming-logic.SongsMacbookPro' display name 'GitHub Actions Runner (songhachheo-cis129-programming-logic.SongsMacbookPro)' will be used for service configuration.
[2022-11-11 12:16:39Z INFO HostContext] Well known directory 'Bin': '/Users/songhachheo/Developer/cis129-programming-logic/actions-runner/bin'
[2022-11-11 12:16:39Z INFO HostContext] Well known directory 'Root': '/Users/songhachheo/Developer/cis129-programming-logic/actions-runner'
[2022-11-11 12:16:39Z INFO HostContext] Well known directory 'Bin': '/Users/songhachheo/Developer/cis129-programming-logic/actions-runner/bin'
[2022-11-11 12:16:39Z INFO HostContext] Well known directory 'Bin': '/Users/songhachheo/Developer/cis129-programming-logic/actions-runner/bin'
[2022-11-11 12:16:39Z INFO HostContext] Well known directory 'Root': '/Users/songhachheo/Developer/cis129-programming-logic/actions-runner'
[2022-11-11 12:16:39Z INFO UnixUtil] Which: 'chmod'
[2022-11-11 12:16:39Z INFO UnixUtil] Location: '/bin/chmod'
[2022-11-11 12:16:39Z INFO UnixUtil] Running /bin/chmod 755 "/Users/songhachheo/Developer/cis129-programming-logic/actions-runner/svc.sh"
[2022-11-11 12:16:39Z INFO ProcessInvokerWrapper] Starting process:
[2022-11-11 12:16:39Z INFO ProcessInvokerWrapper]   File name: '/bin/chmod'
[2022-11-11 12:16:39Z INFO ProcessInvokerWrapper]   Arguments: '755 "/Users/songhachheo/Developer/cis129-programming-logic/actions-runner/svc.sh"'
[2022-11-11 12:16:39Z INFO ProcessInvokerWrapper]   Working directory: '/Users/songhachheo/Developer/cis129-programming-logic/actions-runner'
[2022-11-11 12:16:39Z INFO ProcessInvokerWrapper]   Require exit code zero: 'True'
[2022-11-11 12:16:39Z INFO ProcessInvokerWrapper]   Encoding web name:  ; code page: ''
[2022-11-11 12:16:39Z INFO ProcessInvokerWrapper]   Force kill process on cancellation: 'False'
[2022-11-11 12:16:39Z INFO ProcessInvokerWrapper]   Redirected STDIN: 'False'
[2022-11-11 12:16:39Z INFO ProcessInvokerWrapper]   Persist current code page: 'False'
[2022-11-11 12:16:39Z INFO ProcessInvokerWrapper]   Keep redirected STDIN open: 'False'
[2022-11-11 12:16:39Z INFO ProcessInvokerWrapper]   High priority process: 'False'
[2022-11-11 12:16:39Z INFO ProcessInvokerWrapper] Process started with process id 16449, waiting for process exit.
[2022-11-11 12:16:39Z INFO ProcessInvokerWrapper] STDOUT/STDERR stream read finished.
[2022-11-11 12:16:39Z INFO ProcessInvokerWrapper] STDOUT/STDERR stream read finished.
[2022-11-11 12:16:39Z INFO ProcessInvokerWrapper] Finished process 16449 with exit code 0, and elapsed time 00:00:00.0281695.
[2022-11-11 12:16:39Z INFO Listener] Runner execution has finished with return code 0
