[2022-11-09 19:23:30Z INFO HostContext] No proxy settings were found based on environmental variables (http_proxy/https_proxy/HTTP_PROXY/HTTPS_PROXY)
[2022-11-09 19:23:30Z INFO HostContext] Well known directory 'Bin': '/Users/songhachheo/Developer/actions-runner/bin'
[2022-11-09 19:23:30Z INFO HostContext] Well known directory 'Root': '/Users/songhachheo/Developer/actions-runner'
[2022-11-09 19:23:30Z INFO HostContext] Well known config file 'Credentials': '/Users/songhachheo/Developer/actions-runner/.credentials'
[2022-11-09 19:23:30Z INFO HostContext] Well known directory 'Bin': '/Users/songhachheo/Developer/actions-runner/bin'
[2022-11-09 19:23:30Z INFO HostContext] Well known directory 'Root': '/Users/songhachheo/Developer/actions-runner'
[2022-11-09 19:23:30Z INFO HostContext] Well known config file 'Runner': '/Users/songhachheo/Developer/actions-runner/.runner'
[2022-11-09 19:23:30Z INFO Listener] Runner is built for OSX (Arm64) - osx-arm64.
[2022-11-09 19:23:30Z INFO Listener] RuntimeInformation: Darwin 22.1.0 Darwin Kernel Version 22.1.0: Sun Oct  9 20:15:09 PDT 2022; root:xnu-8792.41.9~2/RELEASE_ARM64_T6000.
[2022-11-09 19:23:30Z INFO Listener] Version: 2.298.2
[2022-11-09 19:23:30Z INFO Listener] Commit: f49f0247c8f15ef51086a7c2405333cb91c6f3cd
[2022-11-09 19:23:30Z INFO Listener] Culture: en-US
[2022-11-09 19:23:30Z INFO Listener] UI Culture: en-US
[2022-11-09 19:23:30Z INFO HostContext] Well known directory 'Bin': '/Users/songhachheo/Developer/actions-runner/bin'
[2022-11-09 19:23:30Z INFO HostContext] Well known directory 'Root': '/Users/songhachheo/Developer/actions-runner'
[2022-11-09 19:23:30Z INFO Listener] Validating directory permissions for: '/Users/songhachheo/Developer/actions-runner'
[2022-11-09 19:23:30Z INFO CommandLineParser] Parse
[2022-11-09 19:23:30Z INFO CommandLineParser] Parsing 1 args
[2022-11-09 19:23:30Z INFO CommandLineParser] parsing argument
[2022-11-09 19:23:30Z INFO CommandLineParser] HasArgs: False
[2022-11-09 19:23:30Z INFO CommandLineParser] Adding Command: run
[2022-11-09 19:23:30Z INFO Listener] Arguments parsed
[2022-11-09 19:23:30Z INFO Runner] ExecuteCommand
[2022-11-09 19:23:30Z INFO ConfigurationStore] currentAssemblyLocation: /Users/songhachheo/Developer/actions-runner/bin/Runner.Listener.dll
[2022-11-09 19:23:30Z INFO HostContext] Well known directory 'Bin': '/Users/songhachheo/Developer/actions-runner/bin'
[2022-11-09 19:23:30Z INFO ConfigurationStore] binPath: /Users/songhachheo/Developer/actions-runner/bin
[2022-11-09 19:23:30Z INFO HostContext] Well known directory 'Bin': '/Users/songhachheo/Developer/actions-runner/bin'
[2022-11-09 19:23:30Z INFO HostContext] Well known directory 'Root': '/Users/songhachheo/Developer/actions-runner'
[2022-11-09 19:23:30Z INFO ConfigurationStore] RootFolder: /Users/songhachheo/Developer/actions-runner
[2022-11-09 19:23:30Z INFO HostContext] Well known directory 'Bin': '/Users/songhachheo/Developer/actions-runner/bin'
[2022-11-09 19:23:30Z INFO HostContext] Well known directory 'Root': '/Users/songhachheo/Developer/actions-runner'
[2022-11-09 19:23:30Z INFO HostContext] Well known config file 'Runner': '/Users/songhachheo/Developer/actions-runner/.runner'
[2022-11-09 19:23:30Z INFO ConfigurationStore] ConfigFilePath: /Users/songhachheo/Developer/actions-runner/.runner
[2022-11-09 19:23:30Z INFO HostContext] Well known directory 'Bin': '/Users/songhachheo/Developer/actions-runner/bin'
[2022-11-09 19:23:30Z INFO HostContext] Well known directory 'Root': '/Users/songhachheo/Developer/actions-runner'
[2022-11-09 19:23:30Z INFO HostContext] Well known config file 'Credentials': '/Users/songhachheo/Developer/actions-runner/.credentials'
[2022-11-09 19:23:30Z INFO ConfigurationStore] CredFilePath: /Users/songhachheo/Developer/actions-runner/.credentials
[2022-11-09 19:23:30Z INFO HostContext] Well known directory 'Bin': '/Users/songhachheo/Developer/actions-runner/bin'
[2022-11-09 19:23:30Z INFO HostContext] Well known directory 'Root': '/Users/songhachheo/Developer/actions-runner'
[2022-11-09 19:23:30Z INFO HostContext] Well known config file 'MigratedCredentials': '/Users/songhachheo/Developer/actions-runner/.credentials_migrated'
[2022-11-09 19:23:30Z INFO ConfigurationStore] MigratedCredFilePath: /Users/songhachheo/Developer/actions-runner/.credentials_migrated
[2022-11-09 19:23:30Z INFO HostContext] Well known directory 'Bin': '/Users/songhachheo/Developer/actions-runner/bin'
[2022-11-09 19:23:30Z INFO HostContext] Well known directory 'Root': '/Users/songhachheo/Developer/actions-runner'
[2022-11-09 19:23:30Z INFO HostContext] Well known config file 'Service': '/Users/songhachheo/Developer/actions-runner/.service'
[2022-11-09 19:23:30Z INFO ConfigurationStore] ServiceConfigFilePath: /Users/songhachheo/Developer/actions-runner/.service
[2022-11-09 19:23:30Z INFO CommandSettings] Flag 'help': 'False'
[2022-11-09 19:23:30Z INFO CommandSettings] Flag 'version': 'False'
[2022-11-09 19:23:30Z INFO CommandSettings] Flag 'commit': 'False'
[2022-11-09 19:23:30Z INFO CommandSettings] Flag 'check': 'False'
[2022-11-09 19:23:30Z INFO CommandSettings] Command 'configure': 'False'
[2022-11-09 19:23:30Z INFO CommandSettings] Command 'remove': 'False'
[2022-11-09 19:23:30Z INFO CommandSettings] Command 'warmup': 'False'
[2022-11-09 19:23:30Z INFO ConfigurationManager] LoadSettings
[2022-11-09 19:23:30Z INFO ConfigurationStore] IsConfigured()
[2022-11-09 19:23:30Z INFO ConfigurationStore] IsConfigured: True
[2022-11-09 19:23:30Z INFO ConfigurationManager] Is configured: True
[2022-11-09 19:23:30Z INFO ConfigurationStore] Read setting file: 294 chars
[2022-11-09 19:23:30Z INFO ConfigurationManager] Settings Loaded
[2022-11-09 19:23:30Z INFO ConfigurationStore] IsServiceConfigured()
[2022-11-09 19:23:30Z INFO ConfigurationStore] IsServiceConfigured: False
[2022-11-09 19:23:30Z INFO CommandSettings] Command 'run': 'True'
[2022-11-09 19:23:30Z INFO ConfigurationStore] IsConfigured()
[2022-11-09 19:23:30Z INFO ConfigurationStore] IsConfigured: True
[2022-11-09 19:23:30Z INFO ConfigurationManager] Is configured: True
[2022-11-09 19:23:30Z INFO Runner] Could not parse the argument value '' for StartupType. Defaulting to Manual
[2022-11-09 19:23:30Z INFO Runner] Set runner startup type - Manual
[2022-11-09 19:23:30Z INFO CommandSettings] Flag 'once': 'False'
[2022-11-09 19:23:30Z INFO CommandSettings] Flag 'once': 'False'
[2022-11-09 19:23:30Z INFO Runner] RunAsync
[2022-11-09 19:23:30Z INFO ConfigurationManager] LoadSettings
[2022-11-09 19:23:30Z INFO ConfigurationStore] IsConfigured()
[2022-11-09 19:23:30Z INFO ConfigurationStore] IsConfigured: True
[2022-11-09 19:23:30Z INFO ConfigurationManager] Is configured: True
[2022-11-09 19:23:30Z INFO ConfigurationManager] Settings Loaded
[2022-11-09 19:23:30Z INFO MessageListener] {
  "AgentId": 2,
  "AgentName": "SongsMacbookPro",
  "PoolId": 1,
  "PoolName": "Default",
  "ServerUrl": "https://pipelines.actions.githubusercontent.com/KWuTwthKZ1MluMHHiFe7r8rjJ9bWkhHb763fuPH2ylHxBlwlqp",
  "GitHubUrl": "https://github.com/songhachheo/autocommit",
  "WorkFolder": "_work"
}
[2022-11-09 19:23:30Z INFO MessageListener] Loading Credentials
[2022-11-09 19:23:30Z INFO ConfigurationStore] HasCredentials()
[2022-11-09 19:23:30Z INFO ConfigurationStore] stored True
[2022-11-09 19:23:30Z INFO CredentialManager] GetCredentialProvider
[2022-11-09 19:23:30Z INFO CredentialManager] Creating type OAuth
[2022-11-09 19:23:30Z INFO CredentialManager] Creating credential type: OAuth
[2022-11-09 19:23:30Z INFO HostContext] Well known directory 'Bin': '/Users/songhachheo/Developer/actions-runner/bin'
[2022-11-09 19:23:30Z INFO HostContext] Well known directory 'Root': '/Users/songhachheo/Developer/actions-runner'
[2022-11-09 19:23:30Z INFO HostContext] Well known config file 'RSACredentials': '/Users/songhachheo/Developer/actions-runner/.credentials_rsaparams'
[2022-11-09 19:23:30Z INFO RSAFileKeyManager] Loading RSA key parameters from file /Users/songhachheo/Developer/actions-runner/.credentials_rsaparams
[2022-11-09 19:23:30Z INFO MessageListener] Attempt to create session.
[2022-11-09 19:23:30Z INFO MessageListener] Connecting to the Runner Server...
[2022-11-09 19:23:30Z INFO RunnerServer] Establish connection with 100 seconds timeout.
[2022-11-09 19:23:30Z INFO GitHubActionsService] Starting operation Location.GetConnectionData
[2022-11-09 19:23:30Z INFO RunnerServer] Establish connection with 60 seconds timeout.
[2022-11-09 19:23:30Z INFO GitHubActionsService] Starting operation Location.GetConnectionData
[2022-11-09 19:23:30Z INFO RunnerServer] Establish connection with 60 seconds timeout.
[2022-11-09 19:23:30Z INFO GitHubActionsService] Starting operation Location.GetConnectionData
[2022-11-09 19:23:31Z INFO GitHubActionsService] Finished operation Location.GetConnectionData
[2022-11-09 19:23:31Z INFO GitHubActionsService] Finished operation Location.GetConnectionData
[2022-11-09 19:23:31Z INFO GitHubActionsService] Finished operation Location.GetConnectionData
[2022-11-09 19:23:31Z INFO MessageListener] VssConnection created
[2022-11-09 19:23:31Z INFO Terminal] WRITE LINE: 
[2022-11-09 19:23:31Z INFO Terminal] WRITE LINE: 
[2022-11-09 19:23:31Z INFO RSAFileKeyManager] Loading RSA key parameters from file /Users/songhachheo/Developer/actions-runner/.credentials_rsaparams
[2022-11-09 19:23:31Z INFO RSAFileKeyManager] Loading RSA key parameters from file /Users/songhachheo/Developer/actions-runner/.credentials_rsaparams
[2022-11-09 19:23:31Z INFO GitHubActionsService] AAD Correlation ID for this token request: Unknown
[2022-11-09 19:23:32Z INFO MessageListener] Session created.
[2022-11-09 19:23:32Z INFO Terminal] WRITE LINE: Current runner version: '2.298.2'
[2022-11-09 19:23:32Z INFO Terminal] WRITE LINE: 2022-11-09 19:23:32Z: Listening for Jobs
[2022-11-09 19:23:32Z INFO JobDispatcher] Set runner/worker IPC timeout to 30 seconds.
[2022-11-09 19:42:06Z WARN GitHubActionsService] GET request to https://pipelines.actions.githubusercontent.com/KWuTwthKZ1MluMHHiFe7r8rjJ9bWkhHb763fuPH2ylHxBlwlqp/_apis/distributedtask/pools/1/messages?sessionId=bf40e344-4f32-4e24-aa5d-bbc2b0551f3d&status=Online timed out after 60 seconds.
[2022-11-09 19:42:06Z ERR  MessageListener] Catch exception during get next message.
[2022-11-09 19:42:06Z ERR  MessageListener] System.TimeoutException: The HTTP request timed out after 00:01:00.
 ---> System.Threading.Tasks.TaskCanceledException: The operation was canceled.
 ---> System.IO.IOException: Unable to read data from the transport connection: Operation canceled.
 ---> System.Net.Sockets.SocketException (89): Operation canceled
   --- End of inner exception stack trace ---
   at System.Net.Sockets.Socket.AwaitableSocketAsyncEventArgs.ThrowException(SocketError error, CancellationToken cancellationToken)
   at System.Net.Sockets.Socket.AwaitableSocketAsyncEventArgs.System.Threading.Tasks.Sources.IValueTaskSource<System.Int32>.GetResult(Int16 token)
   at System.Net.Security.SslStream.EnsureFullTlsFrameAsync[TIOAdapter](TIOAdapter adapter)
   at System.Net.Security.SslStream.ReadAsyncInternal[TIOAdapter](TIOAdapter adapter, Memory`1 buffer)
   at System.Net.Http.HttpConnection.SendAsyncCore(HttpRequestMessage request, Boolean async, CancellationToken cancellationToken)
   --- End of inner exception stack trace ---
   at System.Net.Http.HttpConnection.SendAsyncCore(HttpRequestMessage request, Boolean async, CancellationToken cancellationToken)
   at System.Net.Http.AuthenticationHelper.SendWithNtAuthAsync(HttpRequestMessage request, Uri authUri, Boolean async, ICredentials credentials, Boolean isProxyAuth, HttpConnection connection, HttpConnectionPool connectionPool, CancellationToken cancellationToken)
   at System.Net.Http.HttpConnectionPool.SendWithVersionDetectionAndRetryAsync(HttpRequestMessage request, Boolean async, Boolean doRequestAuth, CancellationToken cancellationToken)
   at System.Net.Http.AuthenticationHelper.SendWithAuthAsync(HttpRequestMessage request, Uri authUri, Boolean async, ICredentials credentials, Boolean preAuthenticate, Boolean isProxyAuth, Boolean doRequestAuth, HttpConnectionPool pool, CancellationToken cancellationToken)
   at System.Net.Http.DecompressionHandler.SendAsync(HttpRequestMessage request, Boolean async, CancellationToken cancellationToken)
   at GitHub.Services.Common.VssHttpMessageHandler.SendAsync(HttpRequestMessage request, CancellationToken cancellationToken)
   --- End of inner exception stack trace ---
   at GitHub.Services.Common.VssHttpMessageHandler.SendAsync(HttpRequestMessage request, CancellationToken cancellationToken)
   at GitHub.Services.Common.VssHttpRetryMessageHandler.SendAsync(HttpRequestMessage request, CancellationToken cancellationToken)
   at System.Net.Http.HttpClient.<SendAsync>g__Core|83_0(HttpRequestMessage request, HttpCompletionOption completionOption, CancellationTokenSource cts, Boolean disposeCts, CancellationTokenSource pendingRequestsCts, CancellationToken originalCancellationToken)
   at GitHub.Services.WebApi.VssHttpClientBase.SendAsync(HttpRequestMessage message, HttpCompletionOption completionOption, Object userState, CancellationToken cancellationToken)
   at GitHub.Services.WebApi.VssHttpClientBase.SendAsync[T](HttpRequestMessage message, Object userState, CancellationToken cancellationToken)
   at GitHub.Services.WebApi.VssHttpClientBase.SendAsync[T](HttpMethod method, IEnumerable`1 additionalHeaders, Guid locationId, Object routeValues, ApiResourceVersion version, HttpContent content, IEnumerable`1 queryParameters, Object userState, CancellationToken cancellationToken)
   at GitHub.Runner.Listener.MessageListener.GetNextMessageAsync(CancellationToken token)
[2022-11-09 19:42:06Z ERR  MessageListener] #####################################################
[2022-11-09 19:42:06Z ERR  MessageListener] System.Threading.Tasks.TaskCanceledException: The operation was canceled.
 ---> System.IO.IOException: Unable to read data from the transport connection: Operation canceled.
 ---> System.Net.Sockets.SocketException (89): Operation canceled
   --- End of inner exception stack trace ---
   at System.Net.Sockets.Socket.AwaitableSocketAsyncEventArgs.ThrowException(SocketError error, CancellationToken cancellationToken)
   at System.Net.Sockets.Socket.AwaitableSocketAsyncEventArgs.System.Threading.Tasks.Sources.IValueTaskSource<System.Int32>.GetResult(Int16 token)
   at System.Net.Security.SslStream.EnsureFullTlsFrameAsync[TIOAdapter](TIOAdapter adapter)
   at System.Net.Security.SslStream.ReadAsyncInternal[TIOAdapter](TIOAdapter adapter, Memory`1 buffer)
   at System.Net.Http.HttpConnection.SendAsyncCore(HttpRequestMessage request, Boolean async, CancellationToken cancellationToken)
   --- End of inner exception stack trace ---
   at System.Net.Http.HttpConnection.SendAsyncCore(HttpRequestMessage request, Boolean async, CancellationToken cancellationToken)
   at System.Net.Http.AuthenticationHelper.SendWithNtAuthAsync(HttpRequestMessage request, Uri authUri, Boolean async, ICredentials credentials, Boolean isProxyAuth, HttpConnection connection, HttpConnectionPool connectionPool, CancellationToken cancellationToken)
   at System.Net.Http.HttpConnectionPool.SendWithVersionDetectionAndRetryAsync(HttpRequestMessage request, Boolean async, Boolean doRequestAuth, CancellationToken cancellationToken)
   at System.Net.Http.AuthenticationHelper.SendWithAuthAsync(HttpRequestMessage request, Uri authUri, Boolean async, ICredentials credentials, Boolean preAuthenticate, Boolean isProxyAuth, Boolean doRequestAuth, HttpConnectionPool pool, CancellationToken cancellationToken)
   at System.Net.Http.DecompressionHandler.SendAsync(HttpRequestMessage request, Boolean async, CancellationToken cancellationToken)
   at GitHub.Services.Common.VssHttpMessageHandler.SendAsync(HttpRequestMessage request, CancellationToken cancellationToken)
[2022-11-09 19:42:06Z ERR  MessageListener] #####################################################
[2022-11-09 19:42:06Z ERR  MessageListener] System.IO.IOException: Unable to read data from the transport connection: Operation canceled.
 ---> System.Net.Sockets.SocketException (89): Operation canceled
   --- End of inner exception stack trace ---
   at System.Net.Sockets.Socket.AwaitableSocketAsyncEventArgs.ThrowException(SocketError error, CancellationToken cancellationToken)
   at System.Net.Sockets.Socket.AwaitableSocketAsyncEventArgs.System.Threading.Tasks.Sources.IValueTaskSource<System.Int32>.GetResult(Int16 token)
   at System.Net.Security.SslStream.EnsureFullTlsFrameAsync[TIOAdapter](TIOAdapter adapter)
   at System.Net.Security.SslStream.ReadAsyncInternal[TIOAdapter](TIOAdapter adapter, Memory`1 buffer)
   at System.Net.Http.HttpConnection.SendAsyncCore(HttpRequestMessage request, Boolean async, CancellationToken cancellationToken)
[2022-11-09 19:42:06Z ERR  MessageListener] #####################################################
[2022-11-09 19:42:06Z ERR  MessageListener] System.Net.Sockets.SocketException (89): Operation canceled
[2022-11-09 19:42:06Z INFO MessageListener] Retriable exception: The HTTP request timed out after 00:01:00.
[2022-11-09 19:42:06Z ERR  Terminal] WRITE ERROR: 2022-11-09 19:42:06Z: Runner connect error: The HTTP request timed out after 00:01:00.. Retrying until reconnected.
[2022-11-09 19:42:06Z INFO RunnerServer] Refresh MessageQueue VssConnection to get on a different AFD node.
[2022-11-09 19:42:06Z INFO RunnerServer] Establish connection with 60 seconds timeout.
[2022-11-09 19:42:06Z INFO GitHubActionsService] Starting operation Location.GetConnectionData
[2022-11-09 19:42:06Z INFO GitHubActionsService] Finished operation Location.GetConnectionData
[2022-11-09 19:42:06Z INFO MessageListener] Sleeping for 25.893 seconds before retrying.
[2022-11-09 19:43:22Z INFO Terminal] WRITE LINE: 2022-11-09 19:43:22Z: Runner reconnected.
[2022-11-09 19:55:55Z INFO MessageListener] No message retrieved from session 'bf40e344-4f32-4e24-aa5d-bbc2b0551f3d' within last 30 minutes.
[2022-11-09 20:19:21Z INFO RSAFileKeyManager] Loading RSA key parameters from file /Users/songhachheo/Developer/actions-runner/.credentials_rsaparams
[2022-11-09 20:19:22Z INFO GitHubActionsService] AAD Correlation ID for this token request: Unknown
[2022-11-09 20:26:03Z INFO MessageListener] No message retrieved from session 'bf40e344-4f32-4e24-aa5d-bbc2b0551f3d' within last 30 minutes.
[2022-11-09 20:42:34Z WARN GitHubActionsService] GET request to https://pipelines.actions.githubusercontent.com/KWuTwthKZ1MluMHHiFe7r8rjJ9bWkhHb763fuPH2ylHxBlwlqp/_apis/distributedtask/pools/1/messages?sessionId=bf40e344-4f32-4e24-aa5d-bbc2b0551f3d&status=Online timed out after 60 seconds.
[2022-11-09 20:42:34Z ERR  MessageListener] Catch exception during get next message.
[2022-11-09 20:42:34Z ERR  MessageListener] System.TimeoutException: The HTTP request timed out after 00:01:00.
 ---> System.Threading.Tasks.TaskCanceledException: The operation was canceled.
 ---> System.IO.IOException: Unable to read data from the transport connection: Operation canceled.
 ---> System.Net.Sockets.SocketException (89): Operation canceled
   --- End of inner exception stack trace ---
   at System.Net.Sockets.Socket.AwaitableSocketAsyncEventArgs.ThrowException(SocketError error, CancellationToken cancellationToken)
   at System.Net.Sockets.Socket.AwaitableSocketAsyncEventArgs.System.Threading.Tasks.Sources.IValueTaskSource<System.Int32>.GetResult(Int16 token)
   at System.Net.Security.SslStream.EnsureFullTlsFrameAsync[TIOAdapter](TIOAdapter adapter)
   at System.Net.Security.SslStream.ReadAsyncInternal[TIOAdapter](TIOAdapter adapter, Memory`1 buffer)
   at System.Net.Http.HttpConnection.SendAsyncCore(HttpRequestMessage request, Boolean async, CancellationToken cancellationToken)
   --- End of inner exception stack trace ---
   at System.Net.Http.HttpConnection.SendAsyncCore(HttpRequestMessage request, Boolean async, CancellationToken cancellationToken)
   at System.Net.Http.AuthenticationHelper.SendWithNtAuthAsync(HttpRequestMessage request, Uri authUri, Boolean async, ICredentials credentials, Boolean isProxyAuth, HttpConnection connection, HttpConnectionPool connectionPool, CancellationToken cancellationToken)
   at System.Net.Http.HttpConnectionPool.SendWithVersionDetectionAndRetryAsync(HttpRequestMessage request, Boolean async, Boolean doRequestAuth, CancellationToken cancellationToken)
   at System.Net.Http.AuthenticationHelper.SendWithAuthAsync(HttpRequestMessage request, Uri authUri, Boolean async, ICredentials credentials, Boolean preAuthenticate, Boolean isProxyAuth, Boolean doRequestAuth, HttpConnectionPool pool, CancellationToken cancellationToken)
   at System.Net.Http.DecompressionHandler.SendAsync(HttpRequestMessage request, Boolean async, CancellationToken cancellationToken)
   at GitHub.Services.Common.VssHttpMessageHandler.SendAsync(HttpRequestMessage request, CancellationToken cancellationToken)
   --- End of inner exception stack trace ---
   at GitHub.Services.Common.VssHttpMessageHandler.SendAsync(HttpRequestMessage request, CancellationToken cancellationToken)
   at GitHub.Services.Common.VssHttpRetryMessageHandler.SendAsync(HttpRequestMessage request, CancellationToken cancellationToken)
   at System.Net.Http.HttpClient.<SendAsync>g__Core|83_0(HttpRequestMessage request, HttpCompletionOption completionOption, CancellationTokenSource cts, Boolean disposeCts, CancellationTokenSource pendingRequestsCts, CancellationToken originalCancellationToken)
   at GitHub.Services.WebApi.VssHttpClientBase.SendAsync(HttpRequestMessage message, HttpCompletionOption completionOption, Object userState, CancellationToken cancellationToken)
   at GitHub.Services.WebApi.VssHttpClientBase.SendAsync[T](HttpRequestMessage message, Object userState, CancellationToken cancellationToken)
   at GitHub.Services.WebApi.VssHttpClientBase.SendAsync[T](HttpMethod method, IEnumerable`1 additionalHeaders, Guid locationId, Object routeValues, ApiResourceVersion version, HttpContent content, IEnumerable`1 queryParameters, Object userState, CancellationToken cancellationToken)
   at GitHub.Runner.Listener.MessageListener.GetNextMessageAsync(CancellationToken token)
[2022-11-09 20:42:34Z ERR  MessageListener] #####################################################
[2022-11-09 20:42:34Z ERR  MessageListener] System.Threading.Tasks.TaskCanceledException: The operation was canceled.
 ---> System.IO.IOException: Unable to read data from the transport connection: Operation canceled.
 ---> System.Net.Sockets.SocketException (89): Operation canceled
   --- End of inner exception stack trace ---
   at System.Net.Sockets.Socket.AwaitableSocketAsyncEventArgs.ThrowException(SocketError error, CancellationToken cancellationToken)
   at System.Net.Sockets.Socket.AwaitableSocketAsyncEventArgs.System.Threading.Tasks.Sources.IValueTaskSource<System.Int32>.GetResult(Int16 token)
   at System.Net.Security.SslStream.EnsureFullTlsFrameAsync[TIOAdapter](TIOAdapter adapter)
   at System.Net.Security.SslStream.ReadAsyncInternal[TIOAdapter](TIOAdapter adapter, Memory`1 buffer)
   at System.Net.Http.HttpConnection.SendAsyncCore(HttpRequestMessage request, Boolean async, CancellationToken cancellationToken)
   --- End of inner exception stack trace ---
   at System.Net.Http.HttpConnection.SendAsyncCore(HttpRequestMessage request, Boolean async, CancellationToken cancellationToken)
   at System.Net.Http.AuthenticationHelper.SendWithNtAuthAsync(HttpRequestMessage request, Uri authUri, Boolean async, ICredentials credentials, Boolean isProxyAuth, HttpConnection connection, HttpConnectionPool connectionPool, CancellationToken cancellationToken)
   at System.Net.Http.HttpConnectionPool.SendWithVersionDetectionAndRetryAsync(HttpRequestMessage request, Boolean async, Boolean doRequestAuth, CancellationToken cancellationToken)
   at System.Net.Http.AuthenticationHelper.SendWithAuthAsync(HttpRequestMessage request, Uri authUri, Boolean async, ICredentials credentials, Boolean preAuthenticate, Boolean isProxyAuth, Boolean doRequestAuth, HttpConnectionPool pool, CancellationToken cancellationToken)
   at System.Net.Http.DecompressionHandler.SendAsync(HttpRequestMessage request, Boolean async, CancellationToken cancellationToken)
   at GitHub.Services.Common.VssHttpMessageHandler.SendAsync(HttpRequestMessage request, CancellationToken cancellationToken)
[2022-11-09 20:42:34Z ERR  MessageListener] #####################################################
[2022-11-09 20:42:34Z ERR  MessageListener] System.IO.IOException: Unable to read data from the transport connection: Operation canceled.
 ---> System.Net.Sockets.SocketException (89): Operation canceled
   --- End of inner exception stack trace ---
   at System.Net.Sockets.Socket.AwaitableSocketAsyncEventArgs.ThrowException(SocketError error, CancellationToken cancellationToken)
   at System.Net.Sockets.Socket.AwaitableSocketAsyncEventArgs.System.Threading.Tasks.Sources.IValueTaskSource<System.Int32>.GetResult(Int16 token)
   at System.Net.Security.SslStream.EnsureFullTlsFrameAsync[TIOAdapter](TIOAdapter adapter)
   at System.Net.Security.SslStream.ReadAsyncInternal[TIOAdapter](TIOAdapter adapter, Memory`1 buffer)
   at System.Net.Http.HttpConnection.SendAsyncCore(HttpRequestMessage request, Boolean async, CancellationToken cancellationToken)
[2022-11-09 20:42:34Z ERR  MessageListener] #####################################################
[2022-11-09 20:42:34Z ERR  MessageListener] System.Net.Sockets.SocketException (89): Operation canceled
[2022-11-09 20:42:34Z INFO MessageListener] Retriable exception: The HTTP request timed out after 00:01:00.
[2022-11-09 20:42:34Z ERR  Terminal] WRITE ERROR: 2022-11-09 20:42:34Z: Runner connect error: The HTTP request timed out after 00:01:00.. Retrying until reconnected.
[2022-11-09 20:42:34Z INFO RunnerServer] Refresh MessageQueue VssConnection to get on a different AFD node.
[2022-11-09 20:42:34Z INFO RunnerServer] Establish connection with 60 seconds timeout.
[2022-11-09 20:42:34Z INFO GitHubActionsService] Starting operation Location.GetConnectionData
[2022-11-09 20:42:35Z INFO GitHubActionsService] Finished operation Location.GetConnectionData
[2022-11-09 20:42:35Z INFO MessageListener] Sleeping for 28.273 seconds before retrying.
[2022-11-09 20:46:12Z WARN GitHubActionsService] Attempt 1 of GET request to https://pipelines.actions.githubusercontent.com/KWuTwthKZ1MluMHHiFe7r8rjJ9bWkhHb763fuPH2ylHxBlwlqp/_apis/distributedtask/pools/1/messages?sessionId=bf40e344-4f32-4e24-aa5d-bbc2b0551f3d&status=Online failed (Socket Error: ConnectionReset). The operation will be retried in 10.933 seconds.
[2022-11-09 20:48:55Z WARN GitHubActionsService] GET request to https://pipelines.actions.githubusercontent.com/KWuTwthKZ1MluMHHiFe7r8rjJ9bWkhHb763fuPH2ylHxBlwlqp/_apis/distributedtask/pools/1/messages?sessionId=bf40e344-4f32-4e24-aa5d-bbc2b0551f3d&status=Online timed out after 60 seconds.
[2022-11-09 20:48:55Z ERR  MessageListener] Catch exception during get next message.
[2022-11-09 20:48:55Z ERR  MessageListener] System.TimeoutException: The HTTP request timed out after 00:01:00.
 ---> System.Threading.Tasks.TaskCanceledException: The operation was canceled.
 ---> System.IO.IOException: Unable to read data from the transport connection: Operation canceled.
 ---> System.Net.Sockets.SocketException (89): Operation canceled
   --- End of inner exception stack trace ---
   at System.Net.Sockets.Socket.AwaitableSocketAsyncEventArgs.ThrowException(SocketError error, CancellationToken cancellationToken)
   at System.Net.Sockets.Socket.AwaitableSocketAsyncEventArgs.System.Threading.Tasks.Sources.IValueTaskSource<System.Int32>.GetResult(Int16 token)
   at System.Net.Security.SslStream.EnsureFullTlsFrameAsync[TIOAdapter](TIOAdapter adapter)
   at System.Net.Security.SslStream.ReadAsyncInternal[TIOAdapter](TIOAdapter adapter, Memory`1 buffer)
   at System.Net.Http.HttpConnection.InitialFillAsync(Boolean async)
   at System.Net.Http.HttpConnection.SendAsyncCore(HttpRequestMessage request, Boolean async, CancellationToken cancellationToken)
   --- End of inner exception stack trace ---
   at System.Net.Http.HttpConnection.SendAsyncCore(HttpRequestMessage request, Boolean async, CancellationToken cancellationToken)
   at System.Net.Http.AuthenticationHelper.SendWithNtAuthAsync(HttpRequestMessage request, Uri authUri, Boolean async, ICredentials credentials, Boolean isProxyAuth, HttpConnection connection, HttpConnectionPool connectionPool, CancellationToken cancellationToken)
   at System.Net.Http.HttpConnectionPool.SendWithVersionDetectionAndRetryAsync(HttpRequestMessage request, Boolean async, Boolean doRequestAuth, CancellationToken cancellationToken)
   at System.Net.Http.AuthenticationHelper.SendWithAuthAsync(HttpRequestMessage request, Uri authUri, Boolean async, ICredentials credentials, Boolean preAuthenticate, Boolean isProxyAuth, Boolean doRequestAuth, HttpConnectionPool pool, CancellationToken cancellationToken)
   at System.Net.Http.DecompressionHandler.SendAsync(HttpRequestMessage request, Boolean async, CancellationToken cancellationToken)
   at GitHub.Services.Common.VssHttpMessageHandler.SendAsync(HttpRequestMessage request, CancellationToken cancellationToken)
   --- End of inner exception stack trace ---
   at GitHub.Services.Common.VssHttpMessageHandler.SendAsync(HttpRequestMessage request, CancellationToken cancellationToken)
   at GitHub.Services.Common.VssHttpRetryMessageHandler.SendAsync(HttpRequestMessage request, CancellationToken cancellationToken)
   at System.Net.Http.HttpClient.<SendAsync>g__Core|83_0(HttpRequestMessage request, HttpCompletionOption completionOption, CancellationTokenSource cts, Boolean disposeCts, CancellationTokenSource pendingRequestsCts, CancellationToken originalCancellationToken)
   at GitHub.Services.WebApi.VssHttpClientBase.SendAsync(HttpRequestMessage message, HttpCompletionOption completionOption, Object userState, CancellationToken cancellationToken)
   at GitHub.Services.WebApi.VssHttpClientBase.SendAsync[T](HttpRequestMessage message, Object userState, CancellationToken cancellationToken)
   at GitHub.Services.WebApi.VssHttpClientBase.SendAsync[T](HttpMethod method, IEnumerable`1 additionalHeaders, Guid locationId, Object routeValues, ApiResourceVersion version, HttpContent content, IEnumerable`1 queryParameters, Object userState, CancellationToken cancellationToken)
   at GitHub.Runner.Listener.MessageListener.GetNextMessageAsync(CancellationToken token)
[2022-11-09 20:48:55Z ERR  MessageListener] #####################################################
[2022-11-09 20:48:55Z ERR  MessageListener] System.Threading.Tasks.TaskCanceledException: The operation was canceled.
 ---> System.IO.IOException: Unable to read data from the transport connection: Operation canceled.
 ---> System.Net.Sockets.SocketException (89): Operation canceled
   --- End of inner exception stack trace ---
   at System.Net.Sockets.Socket.AwaitableSocketAsyncEventArgs.ThrowException(SocketError error, CancellationToken cancellationToken)
   at System.Net.Sockets.Socket.AwaitableSocketAsyncEventArgs.System.Threading.Tasks.Sources.IValueTaskSource<System.Int32>.GetResult(Int16 token)
   at System.Net.Security.SslStream.EnsureFullTlsFrameAsync[TIOAdapter](TIOAdapter adapter)
   at System.Net.Security.SslStream.ReadAsyncInternal[TIOAdapter](TIOAdapter adapter, Memory`1 buffer)
   at System.Net.Http.HttpConnection.InitialFillAsync(Boolean async)
   at System.Net.Http.HttpConnection.SendAsyncCore(HttpRequestMessage request, Boolean async, CancellationToken cancellationToken)
   --- End of inner exception stack trace ---
   at System.Net.Http.HttpConnection.SendAsyncCore(HttpRequestMessage request, Boolean async, CancellationToken cancellationToken)
   at System.Net.Http.AuthenticationHelper.SendWithNtAuthAsync(HttpRequestMessage request, Uri authUri, Boolean async, ICredentials credentials, Boolean isProxyAuth, HttpConnection connection, HttpConnectionPool connectionPool, CancellationToken cancellationToken)
   at System.Net.Http.HttpConnectionPool.SendWithVersionDetectionAndRetryAsync(HttpRequestMessage request, Boolean async, Boolean doRequestAuth, CancellationToken cancellationToken)
   at System.Net.Http.AuthenticationHelper.SendWithAuthAsync(HttpRequestMessage request, Uri authUri, Boolean async, ICredentials credentials, Boolean preAuthenticate, Boolean isProxyAuth, Boolean doRequestAuth, HttpConnectionPool pool, CancellationToken cancellationToken)
   at System.Net.Http.DecompressionHandler.SendAsync(HttpRequestMessage request, Boolean async, CancellationToken cancellationToken)
   at GitHub.Services.Common.VssHttpMessageHandler.SendAsync(HttpRequestMessage request, CancellationToken cancellationToken)
[2022-11-09 20:48:55Z ERR  MessageListener] #####################################################
[2022-11-09 20:48:55Z ERR  MessageListener] System.IO.IOException: Unable to read data from the transport connection: Operation canceled.
 ---> System.Net.Sockets.SocketException (89): Operation canceled
   --- End of inner exception stack trace ---
   at System.Net.Sockets.Socket.AwaitableSocketAsyncEventArgs.ThrowException(SocketError error, CancellationToken cancellationToken)
   at System.Net.Sockets.Socket.AwaitableSocketAsyncEventArgs.System.Threading.Tasks.Sources.IValueTaskSource<System.Int32>.GetResult(Int16 token)
   at System.Net.Security.SslStream.EnsureFullTlsFrameAsync[TIOAdapter](TIOAdapter adapter)
   at System.Net.Security.SslStream.ReadAsyncInternal[TIOAdapter](TIOAdapter adapter, Memory`1 buffer)
   at System.Net.Http.HttpConnection.InitialFillAsync(Boolean async)
   at System.Net.Http.HttpConnection.SendAsyncCore(HttpRequestMessage request, Boolean async, CancellationToken cancellationToken)
[2022-11-09 20:48:55Z ERR  MessageListener] #####################################################
[2022-11-09 20:48:55Z ERR  MessageListener] System.Net.Sockets.SocketException (89): Operation canceled
[2022-11-09 20:48:55Z INFO MessageListener] Retriable exception: The HTTP request timed out after 00:01:00.
[2022-11-09 20:48:55Z INFO RunnerServer] Refresh MessageQueue VssConnection to get on a different AFD node.
[2022-11-09 20:48:55Z INFO RunnerServer] Establish connection with 60 seconds timeout.
[2022-11-09 20:48:55Z INFO GitHubActionsService] Starting operation Location.GetConnectionData
[2022-11-09 20:48:56Z INFO GitHubActionsService] Finished operation Location.GetConnectionData
[2022-11-09 20:48:56Z INFO MessageListener] Sleeping for 18.857 seconds before retrying.
[2022-11-09 20:50:05Z INFO Terminal] WRITE LINE: 2022-11-09 20:50:05Z: Runner reconnected.
